<?xml version="1.0" encoding="UTF-8"?>
<!-- Generated by org.testng.reporters.JUnitXMLReporter -->
<testsuite ignored="1" hostname="KANINI-LTP-844" failures="0" tests="3" name="Default test" time="15.965" errors="0" timestamp="2024-08-05T18:06:03 IST">
  <testcase classname="GajananFrameWork.Tests.SubmitOrderTest" name="VerifySubmitOrder" time="2.778"/>
  <testcase classname="GajananFrameWork.Tests.SubmitOrderTest" name="VerifySubmitOrder" time="2.76"/>
  <testcase classname="GajananFrameWork.Tests.SubmitOrderTest" name="VerifySubmitOrder" time="2.862"/>
  <testcase classname="GajananFrameWork.Tests.SubmitOrderTest" name="VerifyOrderHistory" time="0.0">
    <ignored/>
  </testcase> <!-- VerifyOrderHistory -->
</testsuite> <!-- Default test -->
