<?xml version="1.0" encoding="UTF-8"?>
<!-- Generated by org.testng.reporters.JUnitXMLReporter -->
<testsuite ignored="0" hostname="KANINI-LTP-844" failures="1" tests="3" name="Error Validation Test" time="19.244" errors="0" timestamp="2024-08-07T15:20:58 IST">
  <testcase classname="GajananFrameWork.Tests.VerifyErrorValidationTest" name="VerifyErrorForLoginPage" time="0.714">
    <skipped/>
  </testcase> <!-- VerifyErrorForLoginPage -->
  <testcase classname="GajananFrameWork.Tests.VerifyErrorValidationTest" name="VerifyErrorForLoginPage" time="0.335">
    <failure type="java.lang.AssertionError" message="expected [Incorrect email or password.] but found [Incorrect email  password.]">
      <![CDATA[java.lang.AssertionError: expected [Incorrect email or password.] but found [Incorrect email  password.]
at GajananFrameWork.Tests.VerifyErrorValidationTest.VerifyErrorForLoginPage(VerifyErrorValidationTest.java:20)
at java.base/java.util.ArrayList.forEach(ArrayList.java:1596)
at java.base/java.util.concurrent.FutureTask.run(FutureTask.java:317)
at java.base/java.util.concurrent.ThreadPoolExecutor.runWorker(ThreadPoolExecutor.java:1144)
at java.base/java.util.concurrent.ThreadPoolExecutor$Worker.run(ThreadPoolExecutor.java:642)
at java.base/java.lang.Thread.run(Thread.java:1583)
... Removed 21 stack frames]]>
    </failure>
  </testcase> <!-- VerifyErrorForLoginPage -->
  <testcase classname="GajananFrameWork.Tests.VerifyErrorValidationTest" name="VerifySubmitOrder" time="1.859"/>
</testsuite> <!-- Error Validation Test -->
