<?xml version="1.0" encoding="UTF-8"?>
<!-- Generated by org.testng.reporters.JUnitXMLReporter -->
<testsuite ignored="0" hostname="KANINI-LTP-844" failures="1" tests="4" name="Submit Order Test" time="22.18" errors="0" timestamp="2024-08-07T15:21:01 IST">
  <testcase classname="GajananFrameWork.Tests.SubmitOrderTest" name="VerifySubmitOrder" time="2.848"/>
  <testcase classname="GajananFrameWork.Tests.SubmitOrderTest" name="VerifySubmitOrder" time="2.54"/>
  <testcase classname="GajananFrameWork.Tests.SubmitOrderTest" name="VerifySubmitOrder" time="2.49"/>
  <testcase classname="GajananFrameWork.Tests.SubmitOrderTest" name="VerifyOrderHistory" time="0.546">
    <failure type="java.lang.AssertionError" message="expected [true] but found [false]">
      <![CDATA[java.lang.AssertionError: expected [true] but found [false]
at GajananFrameWork.Tests.SubmitOrderTest.VerifyOrderHistory(SubmitOrderTest.java:49)
at java.base/java.util.ArrayList.forEach(ArrayList.java:1596)
at java.base/java.util.concurrent.FutureTask.run(FutureTask.java:317)
at java.base/java.util.concurrent.ThreadPoolExecutor.runWorker(ThreadPoolExecutor.java:1144)
at java.base/java.util.concurrent.ThreadPoolExecutor$Worker.run(ThreadPoolExecutor.java:642)
at java.base/java.lang.Thread.run(Thread.java:1583)
... Removed 19 stack frames]]>
    </failure>
  </testcase> <!-- VerifyOrderHistory -->
</testsuite> <!-- Submit Order Test -->
